app/build/intermediates/manifest_merge_blame_file/debug/manifest-merger-blame-debug-report.txt
1<?xml version="1.0" encoding="utf-8"?>
2<manifest xmlns:android="http://schemas.android.com/apk/res/android"
3    xmlns:dist="http://schemas.android.com/apk/distribution"
4    package="com.example.datacollection"
5    android:versionCode="1"
6    android:versionName="1.0" >
7
8    <uses-sdk
9        android:minSdkVersion="22"
9-->src\main\AndroidManifest.xml
10        android:targetSdkVersion="29" />
10-->src\main\AndroidManifest.xml
11
12    <dist:module dist:instant="true" />
12-->src\main\AndroidManifest.xml:6:5-40
12-->src\main\AndroidManifest.xml:6:18-37
13
14    <uses-permission android:name="android.permission.CALL_PHONE" />
14-->src\main\AndroidManifest.xml:8:5-69
14-->src\main\AndroidManifest.xml:8:22-66
15    <uses-permission android:name="android.permission.READ_EXTERNAL_STORAGE" />
15-->src\main\AndroidManifest.xml:9:5-80
15-->src\main\AndroidManifest.xml:9:22-77
16    <uses-permission android:name="android.permission.INTERNET" />
16-->src\main\AndroidManifest.xml:10:5-67
16-->src\main\AndroidManifest.xml:10:22-64
17    <uses-permission android:name="android.permission.WRITE_EXTERNAL_STORAGE" />
17-->[com.github.nguyenhoanglam:ImagePicker:1.3.3] AndroidManifest.xml:11:5-81
17-->[com.github.nguyenhoanglam:ImagePicker:1.3.3] AndroidManifest.xml:11:22-78
18    <uses-permission android:name="android.permission.CAMERA" />
18-->[com.github.nguyenhoanglam:ImagePicker:1.3.3] AndroidManifest.xml:12:5-65
18-->[com.github.nguyenhoanglam:ImagePicker:1.3.3] AndroidManifest.xml:12:22-62
19    <uses-permission android:name="android.permission.WAKE_LOCK" /> <!-- Although the *SdkVersion is captured in gradle build files, this is required for non gradle builds -->
19-->[com.github.nguyenhoanglam:ImagePicker:1.3.3] AndroidManifest.xml:13:5-68
19-->[com.github.nguyenhoanglam:ImagePicker:1.3.3] AndroidManifest.xml:13:22-65
20    <!-- <uses-sdk android:minSdkVersion="14" /> -->
21    <uses-permission android:name="android.permission.ACCESS_NETWORK_STATE" />
21-->[com.google.firebase:firebase-firestore:21.3.0] AndroidManifest.xml:13:5-79
21-->[com.google.firebase:firebase-firestore:21.3.0] AndroidManifest.xml:13:22-76
22
23    <application
23-->src\main\AndroidManifest.xml:12:5-47:19
24        android:allowBackup="true"
24-->src\main\AndroidManifest.xml:13:9-35
25        android:appComponentFactory="androidx.core.app.CoreComponentFactory"
25-->[androidx.core:core:1.0.1] AndroidManifest.xml:22:18-86
26        android:debuggable="true"
27        android:icon="@mipmap/ic_launcher"
27-->src\main\AndroidManifest.xml:14:9-43
28        android:label="@string/app_name"
28-->src\main\AndroidManifest.xml:15:9-41
29        android:roundIcon="@mipmap/ic_launcher_round"
29-->src\main\AndroidManifest.xml:16:9-54
30        android:supportsRtl="true"
30-->src\main\AndroidManifest.xml:17:9-35
31        android:testOnly="true"
32        android:theme="@style/AppTheme" >
32-->src\main\AndroidManifest.xml:18:9-40
33        <activity android:name="com.example.datacollection.ProjectDetailsActivity" />
33-->src\main\AndroidManifest.xml:19:9-69
33-->src\main\AndroidManifest.xml:19:19-57
34        <activity android:name="com.example.datacollection.EditProjectActivity" />
34-->src\main\AndroidManifest.xml:20:9-57
34-->src\main\AndroidManifest.xml:20:19-54
35        <activity android:name="com.example.datacollection.EditVendorActivity" />
35-->src\main\AndroidManifest.xml:21:9-56
35-->src\main\AndroidManifest.xml:21:19-53
36        <activity
36-->src\main\AndroidManifest.xml:22:9-25:59
37            android:name="com.example.datacollection.PersonWorks"
37-->src\main\AndroidManifest.xml:23:13-40
38            android:label="@string/title_activity_person_works"
38-->src\main\AndroidManifest.xml:24:13-64
39            android:theme="@style/AppTheme.NoActionBar" />
39-->src\main\AndroidManifest.xml:25:13-56
40        <activity
40-->src\main\AndroidManifest.xml:26:9-29:59
41            android:name="com.example.datacollection.AddWorksActivity"
41-->src\main\AndroidManifest.xml:27:13-45
42            android:label="@string/title_activity_add_works"
42-->src\main\AndroidManifest.xml:28:13-61
43            android:theme="@style/AppTheme.NoActionBar" />
43-->src\main\AndroidManifest.xml:29:13-56
44        <activity
44-->src\main\AndroidManifest.xml:30:9-33:59
45            android:name="com.example.datacollection.AddNewPersonActvity"
45-->src\main\AndroidManifest.xml:31:13-48
46            android:label="@string/title_activity_add_new_form_actvity"
46-->src\main\AndroidManifest.xml:32:13-72
47            android:theme="@style/AppTheme.NoActionBar" />
47-->src\main\AndroidManifest.xml:33:13-56
48        <activity
48-->src\main\AndroidManifest.xml:34:9-42:20
49            android:name="com.example.datacollection.LoginActivity"
49-->src\main\AndroidManifest.xml:35:13-42
50            android:theme="@style/AppTheme.NoActionBar" >
50-->src\main\AndroidManifest.xml:36:13-56
51            <intent-filter>
51-->src\main\AndroidManifest.xml:37:13-41:29
52                <action android:name="android.intent.action.MAIN" />
52-->src\main\AndroidManifest.xml:38:17-69
52-->src\main\AndroidManifest.xml:38:25-66
53
54                <category android:name="android.intent.category.LAUNCHER" />
54-->src\main\AndroidManifest.xml:40:17-77
54-->src\main\AndroidManifest.xml:40:27-74
55            </intent-filter>
56        </activity>
57        <activity
57-->src\main\AndroidManifest.xml:43:9-46:59
58            android:name="com.example.datacollection.MainActivity"
58-->src\main\AndroidManifest.xml:44:13-41
59            android:label="@string/app_name"
59-->src\main\AndroidManifest.xml:45:13-45
60            android:theme="@style/AppTheme.NoActionBar" />
60-->src\main\AndroidManifest.xml:46:13-56
61        <activity
61-->[com.github.nguyenhoanglam:ImagePicker:1.3.3] AndroidManifest.xml:16:9-19:67
62            android:name="com.nguyenhoanglam.imagepicker.ui.imagepicker.ImagePickerActivity"
62-->[com.github.nguyenhoanglam:ImagePicker:1.3.3] AndroidManifest.xml:17:13-93
63            android:configChanges="orientation|screenSize"
63-->[com.github.nguyenhoanglam:ImagePicker:1.3.3] AndroidManifest.xml:18:13-59
64            android:theme="@style/imagepicker_ImagePickerTheme" />
64-->[com.github.nguyenhoanglam:ImagePicker:1.3.3] AndroidManifest.xml:19:13-64
65        <activity
65-->[com.github.nguyenhoanglam:ImagePicker:1.3.3] AndroidManifest.xml:20:9-23:62
66            android:name="com.nguyenhoanglam.imagepicker.ui.camera.CameraActivty"
66-->[com.github.nguyenhoanglam:ImagePicker:1.3.3] AndroidManifest.xml:21:13-82
67            android:screenOrientation="portrait"
67-->[com.github.nguyenhoanglam:ImagePicker:1.3.3] AndroidManifest.xml:22:13-49
68            android:theme="@style/imagepicker_CameraTheme" />
68-->[com.github.nguyenhoanglam:ImagePicker:1.3.3] AndroidManifest.xml:23:13-59
69
70        <provider
70-->[com.github.nguyenhoanglam:ImagePicker:1.3.3] AndroidManifest.xml:25:9-33:20
71            android:name="androidx.core.content.FileProvider"
71-->[com.github.nguyenhoanglam:ImagePicker:1.3.3] AndroidManifest.xml:26:13-62
72            android:authorities="com.example.datacollection.fileprovider"
72-->[com.github.nguyenhoanglam:ImagePicker:1.3.3] AndroidManifest.xml:27:13-64
73            android:exported="false"
73-->[com.github.nguyenhoanglam:ImagePicker:1.3.3] AndroidManifest.xml:28:13-37
74            android:grantUriPermissions="true" >
74-->[com.github.nguyenhoanglam:ImagePicker:1.3.3] AndroidManifest.xml:29:13-47
75            <meta-data
75-->[com.github.nguyenhoanglam:ImagePicker:1.3.3] AndroidManifest.xml:30:13-32:66
76                android:name="android.support.FILE_PROVIDER_PATHS"
76-->[com.github.nguyenhoanglam:ImagePicker:1.3.3] AndroidManifest.xml:31:17-67
77                android:resource="@xml/imagepicker_file_paths" />
77-->[com.github.nguyenhoanglam:ImagePicker:1.3.3] AndroidManifest.xml:32:17-63
78        </provider>
79
80        <activity
80-->[com.google.firebase:firebase-auth:19.1.0] AndroidManifest.xml:24:9-31:50
81            android:name="com.google.firebase.auth.internal.FederatedSignInActivity"
81-->[com.google.firebase:firebase-auth:19.1.0] AndroidManifest.xml:25:13-85
82            android:excludeFromRecents="true"
82-->[com.google.firebase:firebase-auth:19.1.0] AndroidManifest.xml:26:13-46
83            android:exported="true"
83-->[com.google.firebase:firebase-auth:19.1.0] AndroidManifest.xml:27:13-36
84            android:launchMode="singleTask"
84-->[com.google.firebase:firebase-auth:19.1.0] AndroidManifest.xml:28:13-44
85            android:permission="com.google.firebase.auth.api.gms.permission.LAUNCH_FEDERATED_SIGN_IN"
85-->[com.google.firebase:firebase-auth:19.1.0] AndroidManifest.xml:29:13-102
86            android:theme="@android:style/Theme.Translucent.NoTitleBar" />
86-->[com.google.firebase:firebase-auth:19.1.0] AndroidManifest.xml:30:13-72
87
88        <service
88-->[com.google.firebase:firebase-auth:19.1.0] AndroidManifest.xml:33:9-39:19
89            android:name="com.google.firebase.components.ComponentDiscoveryService"
89-->[com.google.firebase:firebase-auth:19.1.0] AndroidManifest.xml:34:13-84
90            android:directBootAware="true"
90-->[com.google.firebase:firebase-common:19.3.0] AndroidManifest.xml:34:13-43
91            android:exported="false" >
91-->[com.google.firebase:firebase-auth:19.1.0] AndroidManifest.xml:35:13-37
92            <meta-data
92-->[com.google.firebase:firebase-auth:19.1.0] AndroidManifest.xml:36:13-38:85
93                android:name="com.google.firebase.components:com.google.firebase.auth.FirebaseAuthRegistrar"
93-->[com.google.firebase:firebase-auth:19.1.0] AndroidManifest.xml:37:17-109
94                android:value="com.google.firebase.components.ComponentRegistrar" />
94-->[com.google.firebase:firebase-auth:19.1.0] AndroidManifest.xml:38:17-82
95            <meta-data
95-->[com.google.firebase:firebase-firestore:21.3.0] AndroidManifest.xml:20:13-22:85
96                android:name="com.google.firebase.components:com.google.firebase.firestore.FirestoreRegistrar"
96-->[com.google.firebase:firebase-firestore:21.3.0] AndroidManifest.xml:21:17-111
97                android:value="com.google.firebase.components.ComponentRegistrar" />
97-->[com.google.firebase:firebase-firestore:21.3.0] AndroidManifest.xml:22:17-82
98            <meta-data
98-->[com.google.firebase:firebase-storage:19.1.0] AndroidManifest.xml:33:13-35:85
99                android:name="com.google.firebase.components:com.google.firebase.storage.StorageRegistrar"
99-->[com.google.firebase:firebase-storage:19.1.0] AndroidManifest.xml:34:17-107
100                android:value="com.google.firebase.components.ComponentRegistrar" />
100-->[com.google.firebase:firebase-storage:19.1.0] AndroidManifest.xml:35:17-82
101        </service>
102
103        <provider
103-->[com.squareup.picasso:picasso:2.71828] AndroidManifest.xml:8:9-11:40
104            android:name="com.squareup.picasso.PicassoProvider"
104-->[com.squareup.picasso:picasso:2.71828] AndroidManifest.xml:9:13-64
105            android:authorities="com.example.datacollection.com.squareup.picasso"
105-->[com.squareup.picasso:picasso:2.71828] AndroidManifest.xml:10:13-72
106            android:exported="false" />
106-->[com.squareup.picasso:picasso:2.71828] AndroidManifest.xml:11:13-37
107
108        <activity
108-->[com.google.android.gms:play-services-base:17.1.0] AndroidManifest.xml:23:9-26:75
109            android:name="com.google.android.gms.common.api.GoogleApiActivity"
109-->[com.google.android.gms:play-services-base:17.1.0] AndroidManifest.xml:24:13-79
110            android:exported="false"
110-->[com.google.android.gms:play-services-base:17.1.0] AndroidManifest.xml:25:13-37
111            android:theme="@android:style/Theme.Translucent.NoTitleBar" />
111-->[com.google.android.gms:play-services-base:17.1.0] AndroidManifest.xml:26:13-72
112
113        <provider
113-->[com.google.firebase:firebase-common:19.3.0] AndroidManifest.xml:26:9-30:39
114            android:name="com.google.firebase.provider.FirebaseInitProvider"
114-->[com.google.firebase:firebase-common:19.3.0] AndroidManifest.xml:27:13-77
115            android:authorities="com.example.datacollection.firebaseinitprovider"
115-->[com.google.firebase:firebase-common:19.3.0] AndroidManifest.xml:28:13-72
116            android:exported="false"
116-->[com.google.firebase:firebase-common:19.3.0] AndroidManifest.xml:29:13-37
117            android:initOrder="100" />
117-->[com.google.firebase:firebase-common:19.3.0] AndroidManifest.xml:30:13-36
118
119        <meta-data
119-->[com.google.android.gms:play-services-basement:17.0.0] AndroidManifest.xml:23:9-25:69
120            android:name="com.google.android.gms.version"
120-->[com.google.android.gms:play-services-basement:17.0.0] AndroidManifest.xml:24:13-58
121            android:value="@integer/google_play_services_version" />
121-->[com.google.android.gms:play-services-basement:17.0.0] AndroidManifest.xml:25:13-66
122
123        <provider
123-->[androidx.lifecycle:lifecycle-process:2.0.0] AndroidManifest.xml:23:9-27:43
124            android:name="androidx.lifecycle.ProcessLifecycleOwnerInitializer"
124-->[androidx.lifecycle:lifecycle-process:2.0.0] AndroidManifest.xml:24:13-79
125            android:authorities="com.example.datacollection.lifecycle-process"
125-->[androidx.lifecycle:lifecycle-process:2.0.0] AndroidManifest.xml:25:13-69
126            android:exported="false"
126-->[androidx.lifecycle:lifecycle-process:2.0.0] AndroidManifest.xml:26:13-37
127            android:multiprocess="true" />
127-->[androidx.lifecycle:lifecycle-process:2.0.0] AndroidManifest.xml:27:13-40
128    </application>
129
130</manifest>